<?xml version="1.0" encoding="UTF-8"?>
<!-- Generated by org.testng.reporters.JUnitXMLReporter -->
<testsuite ignored="0" hostname="DESKTOP-VG2BT5E" failures="0" tests="5" name="Perform data driven Testing with Multiple Users" time="17.764" errors="0" timestamp="2024-01-05T19:07:33 PKT">
  <testcase classname="First.DataDrivenTestingofLoginPage" name="Login_With_All_users_And_verifyLogin_functionalitya" time="3.061"/>
  <testcase classname="First.DataDrivenTestingofLoginPage" name="Login_With_All_users_And_verifyLogin_functionalitya" time="0.731"/>
  <testcase classname="First.DataDrivenTestingofLoginPage" name="Login_With_All_users_And_verifyLogin_functionalitya" time="0.718"/>
  <testcase classname="First.DataDrivenTestingofLoginPage" name="Login_With_All_users_And_verifyLogin_functionalitya" time="5.732"/>
  <testcase classname="First.DataDrivenTestingofLoginPage" name="Login_With_All_users_And_verifyLogin_functionalitya" time="0.799"/>
</testsuite> <!-- Perform data driven Testing with Multiple Users -->
