<?xml version="1.0" encoding="UTF-8"?>
<!-- Generated by org.testng.reporters.JUnitXMLReporter -->
<testsuite ignored="0" hostname="DESKTOP-VG2BT5E" failures="0" tests="2" name="Verifying all the Login Test Cases" time="14.293" errors="0" timestamp="2024-01-05T19:02:59 PKT">
  <testcase classname="First.LoginPage" name="Login_With_ValidData" time="2.18"/>
  <testcase classname="First.LoginPage" name="Verify_Page_Header_Text" time="0.081"/>
</testsuite> <!-- Verifying all the Login Test Cases -->
